<?xml version="1.0" encoding="UTF-8"?>

<testsuites>
    <testsuite name="JUnitXmlReporter" errors="0" tests="0" failures="0" time="0" timestamp="2013-05-24T10:23:58"/>
    <testsuite name="JUnitXmlReporter.constructor" errors="0" skipped="1" tests="3" failures="1" time="0.006"
               timestamp="2013-05-24T10:23:58">
        <properties>
            <property name="java.vendor" value="Sun Microsystems Inc."/>
            <property name="compiler.debug" value="on"/>
            <property name="project.jdk.classpath" value="jdk.classpath.1.6"/>
        </properties>
        <testcase classname="JUnitXmlReporter.constructor" name="should default path to an empty string" time="0.006">
            <failure message="test failure">Assertion failed</failure>
        </testcase>
        <testcase classname="JUnitXmlReporter.constructor" name="should default consolidate to true" time="0">
            <skipped/>
        </testcase>
        <testcase classname="JUnitXmlReporter.constructor" name="should default useDotNotation to true" time="0"/>
    </testsuite>

    <testsuite name="Test:WarehouseReadFacadeTest"
               tests="2"
               failures="2"
               errors="0"
               skipped="0"
               time="0.945">
        <properties/>
        <testcase name="findWarehouseByCode" time="0.811"
                  classname="com.testng.autotest.dubbo.io.terminus.parana.inventory.api.facade.WarehouseReadFacadeTest">
            <failure type="java.lang.AssertionError"
                     message="expected [true] but found [false]"
            >
                <![CDATA[java.lang.AssertionError: expected [true] but found [false]
  org.testng.Assert.fail(Assert.java:94)
  org.testng.Assert.failNotEquals(Assert.java:513)
  org.testng.Assert.assertTrue(Assert.java:42)
  org.testng.Assert.assertTrue(Assert.java:52)
  com.testng.autotest.dubbo.io.terminus.parana.inventory.api.facade.WarehouseReadFacadeTest.findWarehouseByCode(WarehouseReadFacadeTest.java:44)
  sun.reflect.NativeMethodAccessorImpl.invoke0(Native Method)
  sun.reflect.NativeMethodAccessorImpl.invoke(NativeMethodAccessorImpl.java:62)
  sun.reflect.DelegatingMethodAccessorImpl.invoke(DelegatingMethodAccessorImpl.java:43)
  java.lang.reflect.Method.invoke(Method.java:497)
  org.testng.internal.MethodInvocationHelper.invokeMethod(MethodInvocationHelper.java:86)
  org.testng.internal.Invoker.invokeMethod(Invoker.java:643)
  org.testng.internal.Invoker.invokeTestMethod(Invoker.java:820)
  org.testng.internal.Invoker.invokeTestMethods(Invoker.java:1128)
  org.testng.internal.TestMethodWorker.invokeTestMethods(TestMethodWorker.java:129)
  org.testng.internal.TestMethodWorker.run(TestMethodWorker.java:112)
  org.testng.TestRunner.privateRun(TestRunner.java:782)
  org.testng.TestRunner.run(TestRunner.java:632)
  org.testng.SuiteRunner.runTest(SuiteRunner.java:366)
  org.testng.SuiteRunner.runSequentially(SuiteRunner.java:361)
  org.testng.SuiteRunner.privateRun(SuiteRunner.java:319)
  org.testng.SuiteRunner.run(SuiteRunner.java:268)
  org.testng.SuiteRunnerWorker.runSuite(SuiteRunnerWorker.java:52)
  org.testng.SuiteRunnerWorker.run(SuiteRunnerWorker.java:86)
  org.testng.TestNG.runSuitesSequentially(TestNG.java:1244)
  org.testng.TestNG.runSuitesLocally(TestNG.java:1169)
  org.testng.TestNG.run(TestNG.java:1064)
  org.apache.maven.surefire.testng.TestNGExecutor.run(TestNGExecutor.java:74)
  org.apache.maven.surefire.testng.TestNGXmlTestSuite.execute(TestNGXmlTestSuite.java:92)
  org.apache.maven.surefire.Surefire.run(Surefire.java:180)
  sun.reflect.NativeMethodAccessorImpl.invoke0(Native Method)
  sun.reflect.NativeMethodAccessorImpl.invoke(NativeMethodAccessorImpl.java:62)
  sun.reflect.DelegatingMethodAccessorImpl.invoke(DelegatingMethodAccessorImpl.java:43)
  java.lang.reflect.Method.invoke(Method.java:497)
  org.apache.maven.surefire.booter.SurefireBooter.runSuitesInProcess(SurefireBooter.java:350)
  org.apache.maven.surefire.booter.SurefireBooter.main(SurefireBooter.java:1021)
]]>
            </failure>

        </testcase>
        <testcase name="findWarehouseByCode" time="0.134"
                  classname="com.testng.autotest.dubbo.io.terminus.parana.inventory.api.facade.WarehouseReadFacadeTest">
            <failure type="java.lang.AssertionError"
                     message="expected [true] but found [false]"
            >
                <![CDATA[java.lang.AssertionError: expected [true] but found [false]
  org.testng.Assert.fail(Assert.java:94)
  org.testng.Assert.failNotEquals(Assert.java:513)
  org.testng.Assert.assertTrue(Assert.java:42)
  org.testng.Assert.assertTrue(Assert.java:52)
  com.testng.autotest.dubbo.io.terminus.parana.inventory.api.facade.WarehouseReadFacadeTest.findWarehouseByCode(WarehouseReadFacadeTest.java:44)
  sun.reflect.NativeMethodAccessorImpl.invoke0(Native Method)
  sun.reflect.NativeMethodAccessorImpl.invoke(NativeMethodAccessorImpl.java:62)
  sun.reflect.DelegatingMethodAccessorImpl.invoke(DelegatingMethodAccessorImpl.java:43)
  java.lang.reflect.Method.invoke(Method.java:497)
  org.testng.internal.MethodInvocationHelper.invokeMethod(MethodInvocationHelper.java:86)
  org.testng.internal.Invoker.invokeMethod(Invoker.java:643)
  org.testng.internal.Invoker.invokeTestMethod(Invoker.java:820)
  org.testng.internal.Invoker.invokeTestMethods(Invoker.java:1128)
  org.testng.internal.TestMethodWorker.invokeTestMethods(TestMethodWorker.java:129)
  org.testng.internal.TestMethodWorker.run(TestMethodWorker.java:112)
  org.testng.TestRunner.privateRun(TestRunner.java:782)
  org.testng.TestRunner.run(TestRunner.java:632)
  org.testng.SuiteRunner.runTest(SuiteRunner.java:366)
  org.testng.SuiteRunner.runSequentially(SuiteRunner.java:361)
  org.testng.SuiteRunner.privateRun(SuiteRunner.java:319)
  org.testng.SuiteRunner.run(SuiteRunner.java:268)
  org.testng.SuiteRunnerWorker.runSuite(SuiteRunnerWorker.java:52)
  org.testng.SuiteRunnerWorker.run(SuiteRunnerWorker.java:86)
  org.testng.TestNG.runSuitesSequentially(TestNG.java:1244)
  org.testng.TestNG.runSuitesLocally(TestNG.java:1169)
  org.testng.TestNG.run(TestNG.java:1064)
  org.apache.maven.surefire.testng.TestNGExecutor.run(TestNGExecutor.java:74)
  org.apache.maven.surefire.testng.TestNGXmlTestSuite.execute(TestNGXmlTestSuite.java:92)
  org.apache.maven.surefire.Surefire.run(Surefire.java:180)
  sun.reflect.NativeMethodAccessorImpl.invoke0(Native Method)
  sun.reflect.NativeMethodAccessorImpl.invoke(NativeMethodAccessorImpl.java:62)
  sun.reflect.DelegatingMethodAccessorImpl.invoke(DelegatingMethodAccessorImpl.java:43)
  java.lang.reflect.Method.invoke(Method.java:497)
  org.apache.maven.surefire.booter.SurefireBooter.runSuitesInProcess(SurefireBooter.java:350)
  org.apache.maven.surefire.booter.SurefireBooter.main(SurefireBooter.java:1021)
]]>
            </failure>

        </testcase>


    </testsuite>
</testsuites>
